[
  {
    "level": "INFO",
    "message": "android.ndkVersion from module build.gradle is 21.0.6113669"
  },
  {
    "level": "INFO",
    "message": "ndk.dir in local.properties is E:\\Android\\Sdk\\ndk\\21.0.6113669"
  },
  {
    "level": "INFO",
    "message": "ANDROID_NDK_HOME environment variable is not set"
  },
  {
    "level": "INFO",
    "message": "sdkFolder is E:\\Android\\Sdk"
  },
  {
    "level": "INFO",
    "message": "Considering E:\\Android\\Sdk\\ndk\\21.0.6113669 by ndk.dir"
  },
  {
    "level": "INFO",
    "message": "Considering E:\\Android\\Sdk\\ndk-bundle in SDK ndk-bundle folder"
  },
  {
    "level": "INFO",
    "message": "Considering E:\\Android\\Sdk\\ndk\\21.0.6113669 in SDK ndk folder"
  },
  {
    "level": "INFO",
    "message": "Rejected E:\\Android\\Sdk\\ndk-bundle in SDK ndk-bundle folder because that location has no source.properties"
  },
  {
    "level": "INFO",
    "message": "Choosing E:\\Android\\Sdk\\ndk\\21.0.6113669 from ndk.dir which had the requested version 21.0.6113669"
  }
]